2025-07-25T16:09:57.0840885Z,Updating submodules.,88dc1c99-eb24-4699-8b55-5dd91175f375,0
2025-07-25T16:09:58.1885585Z,Preparing deployment for commit id 'a38e0e23-0'.,9cd2a57c-9423-4c00-aa91-ea6166d86928,0
2025-07-25T16:09:58.4156995Z,PreDeployment: context.CleanOutputPath False,e906ac75-f4d0-4e8c-8ce6-a2e837f1d953,0
2025-07-25T16:09:58.5444770Z,PreDeployment: context.OutputPath /home/site/wwwroot,f9aa496d-5511-4e80-972e-edc477f01dfc,0
2025-07-25T16:09:58.6598887Z,Running build. Project type: OneDeploy,7fbbb907-2e3f-46b1-9aef-6ba4fd41ba2f,0
2025-07-25T16:09:58.7483138Z,Copying the manifest,8351decd-11ab-4e9b-b46c-504607e4274a,0
2025-07-25T16:09:58.8898271Z,Running deployment command...,5d8ba5b9-26a1-4d89-93a1-f7f572bae582,0
	2025-07-25T16:09:58.8920939Z,Command: /opt/Kudu/Scripts/parallel_rsync.sh /tmp/zipdeploy/extracted /home/site/wwwroot 8 /tmp/ False False  ,,0
	2025-07-25T16:09:58.9515205Z,Run rsync from: /tmp/zipdeploy/extracted/ to: /home/site/wwwroot/ in 8 parallel threads,,0
	2025-07-25T16:09:58.9560445Z,Delete options: clean=False&comma; use manifest=False&comma; directory to ignore=,,0
	2025-07-25T16:09:58.9586279Z,Prev manifest = /home/site/deployments/78295435-f88d-4983-8a45-5a42fb2c3104/manifest and next /home/site/deployments/a38e0e23-0aab-4f93-86d7-566f9c0e047d/manifest,,0
	2025-07-25T16:09:58.9611803Z,Cleaning up /tmp//filelist.txt and /tmp//splits,,0
	2025-07-25T16:09:58.9677547Z,Creating a list of all files at /tmp//filelist.txt,,0
	2025-07-25T16:09:58.9841689Z,No directory to exclude.,,0
	2025-07-25T16:09:58.9954160Z,Created /tmp//filelist.txt. Total number of files to be synced = 212.,,0
	2025-07-25T16:09:59.0023948Z,Created batches from the list of files. Processing 27 files in each thread,,0
	2025-07-25T16:09:59.0284834Z,Running rsync for filelist /tmp//splits/split.aa from /tmp/zipdeploy/extracted/ to /home/site/wwwroot/,,0
	2025-07-25T16:09:59.0392890Z,Running rsync for filelist /tmp//splits/split.ab from /tmp/zipdeploy/extracted/ to /home/site/wwwroot/,,0
	2025-07-25T16:09:59.0653796Z,Running rsync for filelist /tmp//splits/split.ad from /tmp/zipdeploy/extracted/ to /home/site/wwwroot/,,0
	2025-07-25T16:09:59.0781011Z,Running rsync for filelist /tmp//splits/split.ac from /tmp/zipdeploy/extracted/ to /home/site/wwwroot/,,0
	2025-07-25T16:09:59.1296206Z,Running rsync for filelist /tmp//splits/split.ae from /tmp/zipdeploy/extracted/ to /home/site/wwwroot/,,0
	2025-07-25T16:09:59.1440733Z,Running rsync for filelist /tmp//splits/split.af from /tmp/zipdeploy/extracted/ to /home/site/wwwroot/,,0
	2025-07-25T16:09:59.1519538Z,Running rsync for filelist /tmp//splits/split.ag from /tmp/zipdeploy/extracted/ to /home/site/wwwroot/,,0
	2025-07-25T16:09:59.1631082Z,Running rsync for filelist /tmp//splits/split.ah from /tmp/zipdeploy/extracted/ to /home/site/wwwroot/,,0
	2025-07-25T16:10:02.0156313Z,,,0
	2025-07-25T16:10:02.0309753Z,Number of files: 25 (reg: 23&comma; dir: 2),,0
	2025-07-25T16:10:02.0552624Z,Number of created files: 0,,0
	2025-07-25T16:10:02.0812064Z,Number of deleted files: 0,,0
	2025-07-25T16:10:02.0991640Z,Number of regular files transferred: 23,,0
	2025-07-25T16:10:02.1199336Z,Total file size: 2.50M bytes,,0
	2025-07-25T16:10:02.1353153Z,Total transferred file size: 2.50M bytes,,0
	2025-07-25T16:10:02.1515354Z,Literal data: 2.50M bytes,,0
	2025-07-25T16:10:02.1617971Z,Matched data: 0 bytes,,0
	2025-07-25T16:10:02.1742973Z,File list size: 0,,0
	2025-07-25T16:10:02.2067348Z,File list generation time: 0.003 seconds,,0
	2025-07-25T16:10:02.2127680Z,File list transfer time: 0.000 seconds,,0
	2025-07-25T16:10:02.2229469Z,Total bytes sent: 786.21K,,0
	2025-07-25T16:10:02.2450357Z,Total bytes received: 459,,0
	2025-07-25T16:10:02.2598150Z,,,0
	2025-07-25T16:10:02.2657421Z,sent 786.21K bytes  received 459 bytes  314.67K bytes/sec,,0
	2025-07-25T16:10:02.2773987Z,total size is 2.50M  speedup is 3.18,,0
	2025-07-25T16:10:02.2871829Z,Attempt 1: Rsync for filelist /tmp//splits/split.ah completed with exit code 0,,0
	2025-07-25T16:10:03.4972992Z,,,0
	2025-07-25T16:10:03.5051688Z,Number of files: 29 (reg: 27&comma; dir: 2),,0
	2025-07-25T16:10:03.5086301Z,Number of created files: 0,,0
	2025-07-25T16:10:03.5160771Z,Number of deleted files: 0,,0
	2025-07-25T16:10:03.5240127Z,Number of regular files transferred: 27,,0
	2025-07-25T16:10:03.5308092Z,Total file size: 4.15M bytes,,0
	2025-07-25T16:10:03.5343712Z,Total transferred file size: 4.15M bytes,,0
	2025-07-25T16:10:03.5372800Z,Literal data: 4.15M bytes,,0
	2025-07-25T16:10:03.5408907Z,Matched data: 0 bytes,,0
	2025-07-25T16:10:03.5455068Z,File list size: 0,,0
	2025-07-25T16:10:03.5575258Z,File list generation time: 0.005 seconds,,0
	2025-07-25T16:10:03.5643611Z,File list transfer time: 0.000 seconds,,0
	2025-07-25T16:10:03.5672399Z,Total bytes sent: 1.45M,,0
	2025-07-25T16:10:03.5704126Z,Total bytes received: 535,,0
	2025-07-25T16:10:03.5738792Z,,,0
	2025-07-25T16:10:03.5776690Z,sent 1.45M bytes  received 535 bytes  413.28K bytes/sec,,0
	2025-07-25T16:10:03.5807476Z,total size is 4.15M  speedup is 2.87,,0
	2025-07-25T16:10:03.5841677Z,Attempt 1: Rsync for filelist /tmp//splits/split.af completed with exit code 0,,0
	2025-07-25T16:10:03.5888863Z,,,0
	2025-07-25T16:10:03.5924111Z,Number of files: 31 (reg: 27&comma; dir: 4),,0
	2025-07-25T16:10:03.5970836Z,Number of created files: 0,,0
	2025-07-25T16:10:03.6004254Z,Number of deleted files: 0,,0
	2025-07-25T16:10:03.6035564Z,Number of regular files transferred: 27,,0
	2025-07-25T16:10:03.6060892Z,Total file size: 3.31M bytes,,0
	2025-07-25T16:10:03.6092392Z,Total transferred file size: 3.31M bytes,,0
	2025-07-25T16:10:03.6124670Z,Literal data: 3.31M bytes,,0
	2025-07-25T16:10:03.6154555Z,Matched data: 0 bytes,,0
	2025-07-25T16:10:03.6184300Z,File list size: 0,,0
	2025-07-25T16:10:03.6212011Z,File list generation time: 0.018 seconds,,0
	2025-07-25T16:10:03.6322689Z,File list transfer time: 0.000 seconds,,0
	2025-07-25T16:10:03.6353082Z,Total bytes sent: 842.82K,,0
	2025-07-25T16:10:03.6379713Z,Total bytes received: 541,,0
	2025-07-25T16:10:03.6408130Z,,,0
	2025-07-25T16:10:03.6433559Z,sent 842.82K bytes  received 541 bytes  240.96K bytes/sec,,0
	2025-07-25T16:10:03.6465303Z,total size is 3.31M  speedup is 3.93,,0
	2025-07-25T16:10:03.6495707Z,Attempt 1: Rsync for filelist /tmp//splits/split.ac completed with exit code 0,,0
	2025-07-25T16:10:03.6527050Z,,,0
	2025-07-25T16:10:03.6555959Z,Number of files: 29 (reg: 27&comma; dir: 2),,0
	2025-07-25T16:10:03.6589214Z,Number of created files: 1 (reg: 1),,0
	2025-07-25T16:10:03.6619883Z,Number of deleted files: 0,,0
	2025-07-25T16:10:03.6648059Z,Number of regular files transferred: 27,,0
	2025-07-25T16:10:03.6673263Z,Total file size: 3.39M bytes,,0
	2025-07-25T16:10:03.6699894Z,Total transferred file size: 3.39M bytes,,0
	2025-07-25T16:10:03.6774974Z,Literal data: 3.39M bytes,,0
	2025-07-25T16:10:03.6873252Z,Matched data: 0 bytes,,0
	2025-07-25T16:10:03.7034373Z,File list size: 0,,0
	2025-07-25T16:10:03.7064314Z,File list generation time: 0.007 seconds,,0
	2025-07-25T16:10:03.7101008Z,File list transfer time: 0.000 seconds,,0
	2025-07-25T16:10:03.7141060Z,Total bytes sent: 1.20M,,0
	2025-07-25T16:10:03.7236452Z,Total bytes received: 535,,0
	2025-07-25T16:10:03.7272929Z,,,0
	2025-07-25T16:10:03.7348378Z,sent 1.20M bytes  received 535 bytes  342.74K bytes/sec,,0
	2025-07-25T16:10:03.7402807Z,total size is 3.39M  speedup is 2.82,,0
	2025-07-25T16:10:03.7448764Z,Attempt 1: Rsync for filelist /tmp//splits/split.ad completed with exit code 0,,0
	2025-07-25T16:10:03.7488779Z,,,0
	2025-07-25T16:10:03.7537882Z,Number of files: 29 (reg: 27&comma; dir: 2),,0
	2025-07-25T16:10:03.7572959Z,Number of created files: 1 (reg: 1),,0
	2025-07-25T16:10:03.7609179Z,Number of deleted files: 0,,0
	2025-07-25T16:10:03.7648200Z,Number of regular files transferred: 27,,0
	2025-07-25T16:10:03.7685256Z,Total file size: 6.79M bytes,,0
	2025-07-25T16:10:03.7724250Z,Total transferred file size: 6.79M bytes,,0
	2025-07-25T16:10:03.7758316Z,Literal data: 6.79M bytes,,0
	2025-07-25T16:10:03.7802110Z,Matched data: 0 bytes,,0
	2025-07-25T16:10:03.7827132Z,File list size: 0,,0
	2025-07-25T16:10:03.7905833Z,File list generation time: 0.026 seconds,,0
	2025-07-25T16:10:03.7942276Z,File list transfer time: 0.000 seconds,,0
	2025-07-25T16:10:03.7970185Z,Total bytes sent: 2.66M,,0
	2025-07-25T16:10:03.8001437Z,Total bytes received: 535,,0
	2025-07-25T16:10:03.8030578Z,,,0
	2025-07-25T16:10:03.8052667Z,sent 2.66M bytes  received 535 bytes  590.84K bytes/sec,,0
	2025-07-25T16:10:03.8083919Z,total size is 6.79M  speedup is 2.55,,0
	2025-07-25T16:10:03.8136480Z,Attempt 1: Rsync for filelist /tmp//splits/split.ae completed with exit code 0,,0
	2025-07-25T16:10:04.5064371Z,,,0
	2025-07-25T16:10:04.5258260Z,Number of files: 29 (reg: 27&comma; dir: 2),,0
	2025-07-25T16:10:04.5291071Z,Number of created files: 1 (reg: 1),,0
	2025-07-25T16:10:04.5359485Z,Number of deleted files: 0,,0
	2025-07-25T16:10:04.5529831Z,Number of regular files transferred: 27,,0
	2025-07-25T16:10:04.5582596Z,Total file size: 17.68M bytes,,0
	2025-07-25T16:10:04.5614234Z,Total transferred file size: 17.68M bytes,,0
	2025-07-25T16:10:04.5647876Z,Literal data: 17.68M bytes,,0
	2025-07-25T16:10:04.5678055Z,Matched data: 0 bytes,,0
	2025-07-25T16:10:04.5735897Z,File list size: 0,,0
	2025-07-25T16:10:04.5773774Z,File list generation time: 0.022 seconds,,0
	2025-07-25T16:10:04.5802444Z,File list transfer time: 0.000 seconds,,0
	2025-07-25T16:10:04.5836996Z,Total bytes sent: 6.12M,,0
	2025-07-25T16:10:04.5865805Z,Total bytes received: 535,,0
	2025-07-25T16:10:04.5899449Z,,,0
	2025-07-25T16:10:04.6071854Z,sent 6.12M bytes  received 535 bytes  1.11M bytes/sec,,0
	2025-07-25T16:10:04.6098542Z,total size is 17.68M  speedup is 2.89,,0
	2025-07-25T16:10:04.6120999Z,Attempt 1: Rsync for filelist /tmp//splits/split.ag completed with exit code 0,,0
	2025-07-25T16:10:04.9560062Z,,,0
	2025-07-25T16:10:04.9589554Z,Number of files: 55 (reg: 27&comma; dir: 28),,0
	2025-07-25T16:10:04.9612677Z,Number of created files: 0,,0
	2025-07-25T16:10:04.9705423Z,Number of deleted files: 0,,0
	2025-07-25T16:10:04.9727653Z,Number of regular files transferred: 27,,0
	2025-07-25T16:10:04.9751993Z,Total file size: 16.26M bytes,,0
	2025-07-25T16:10:04.9776315Z,Total transferred file size: 16.26M bytes,,0
	2025-07-25T16:10:04.9797740Z,Literal data: 16.26M bytes,,0
	2025-07-25T16:10:04.9820409Z,Matched data: 0 bytes,,0
	2025-07-25T16:10:04.9842882Z,File list size: 0,,0
	2025-07-25T16:10:04.9864929Z,File list generation time: 0.023 seconds,,0
	2025-07-25T16:10:04.9896244Z,File list transfer time: 0.000 seconds,,0
	2025-07-25T16:10:04.9918983Z,Total bytes sent: 7.30M,,0
	2025-07-25T16:10:04.9943237Z,Total bytes received: 613,,0
	2025-07-25T16:10:04.9971926Z,,,0
	2025-07-25T16:10:05.0246733Z,sent 7.30M bytes  received 613 bytes  1.33M bytes/sec,,0
	2025-07-25T16:10:05.0269332Z,total size is 16.26M  speedup is 2.23,,0
	2025-07-25T16:10:05.0298630Z,Attempt 1: Rsync for filelist /tmp//splits/split.ab completed with exit code 0,,0
	2025-07-25T16:10:06.0435125Z,,,0
	2025-07-25T16:10:06.0479358Z,Number of files: 57 (reg: 27&comma; dir: 30),,0
	2025-07-25T16:10:06.0502427Z,Number of created files: 0,,0
	2025-07-25T16:10:06.0572404Z,Number of deleted files: 0,,0
	2025-07-25T16:10:06.0638206Z,Number of regular files transferred: 27,,0
	2025-07-25T16:10:06.0667392Z,Total file size: 24.78M bytes,,0
	2025-07-25T16:10:06.0698534Z,Total transferred file size: 24.78M bytes,,0
	2025-07-25T16:10:06.0727963Z,Literal data: 24.78M bytes,,0
	2025-07-25T16:10:06.0757383Z,Matched data: 0 bytes,,0
	2025-07-25T16:10:06.0784576Z,File list size: 0,,0
	2025-07-25T16:10:06.0819690Z,File list generation time: 0.013 seconds,,0
	2025-07-25T16:10:06.0867850Z,File list transfer time: 0.000 seconds,,0
	2025-07-25T16:10:06.0899023Z,Total bytes sent: 10.41M,,0
	2025-07-25T16:10:06.0925418Z,Total bytes received: 619,,0
	2025-07-25T16:10:06.0952617Z,,,0
	2025-07-25T16:10:06.1015741Z,sent 10.41M bytes  received 619 bytes  1.60M bytes/sec,,0
	2025-07-25T16:10:06.1037946Z,total size is 24.78M  speedup is 2.38,,0
	2025-07-25T16:10:06.1061342Z,Attempt 1: Rsync for filelist /tmp//splits/split.aa completed with exit code 0,,0
	2025-07-25T16:10:06.1088592Z,Completed successfully in 8 seconds,,0
2025-07-25T16:10:06.2067411Z,Build completed succesfully.,8cef41c3-2e94-41ed-932e-0b3a8d89f703,0
2025-07-25T16:10:06.2834646Z,Running post deployment command(s)...,7505c7a9-3ad1-43fc-aae5-8bdc9ce3edc2,0
2025-07-25T16:10:06.4014264Z,Triggering container recycle for OneDeploy by adding/updating restartTrigger.txt to the site root path,3ed2182f-66e6-435e-b729-be898de67de7,0
2025-07-25T16:10:06.5271963Z,Deployment successful. deployer = OneDeploy deploymentPath = OneDeploy,3a09cd6f-fd5d-4531-8b23-4757ecb168cf,0
