2025-08-07T15:44:36.3239512Z Container start method called.
2025-08-07T15:44:36.3240997Z Establishing network.
2025-08-07T15:44:36.3242558Z Pulling image: appsvc/dotnetcore:8.0_20250709.6.tuxprod.
2025-08-07T15:44:36.8792155Z Container is starting.
2025-08-07T15:44:36.8806687Z Establishing user namespace if not established already.
2025-08-07T15:44:36.8808377Z Establishing network if not established already.
2025-08-07T15:44:36.8809725Z Mounting volumes.
2025-08-07T15:44:36.8811484Z Nested mountpoint 
2025-08-07T15:44:36.8857954Z Nested mountpoint volatile/logs
2025-08-07T15:44:36.8880229Z Nested mountpoint 
2025-08-07T15:44:36.8912123Z Nested mountpoint 
2025-08-07T15:44:36.9189602Z Nested mountpoint 
2025-08-07T15:44:36.9230506Z Nested mountpoint 
2025-08-07T15:44:36.9291327Z Nested mountpoint 
2025-08-07T15:44:39.8563089Z Creating container.
2025-08-07T15:44:39.8566001Z Creating pipes for streaming container io.
2025-08-07T15:44:39.8568952Z Creating stdout named pipe at /podr/container/pipe/8550bee0f4c2_fradema-backend-api/stdout_ceed92f561104d32a4a5f4e8309a899e.
2025-08-07T15:44:39.8573311Z Successfully created stdout named pipe at: /podr/container/pipe/8550bee0f4c2_fradema-backend-api/stdout_ceed92f561104d32a4a5f4e8309a899e.
2025-08-07T15:44:39.8576724Z Opening named pipe /podr/container/pipe/8550bee0f4c2_fradema-backend-api/stdout_ceed92f561104d32a4a5f4e8309a899e for reading in non-blocking mode.
2025-08-07T15:44:39.8580124Z Successfully opened named pipe: /podr/container/pipe/8550bee0f4c2_fradema-backend-api/stdout_ceed92f561104d32a4a5f4e8309a899e.
2025-08-07T15:44:39.8582856Z Successfully removed non-blocking flag from /podr/container/pipe/8550bee0f4c2_fradema-backend-api/stdout_ceed92f561104d32a4a5f4e8309a899e.
2025-08-07T15:44:39.8588885Z Creating stderr named pipe at /podr/container/pipe/8550bee0f4c2_fradema-backend-api/stderr_c2f8c1ddbb0a4ce9ad5593271271636d.
2025-08-07T15:44:39.8592364Z Successfully created stderr named pipe at: /podr/container/pipe/8550bee0f4c2_fradema-backend-api/stderr_c2f8c1ddbb0a4ce9ad5593271271636d.
2025-08-07T15:44:39.8595359Z Opening named pipe /podr/container/pipe/8550bee0f4c2_fradema-backend-api/stderr_c2f8c1ddbb0a4ce9ad5593271271636d for reading in non-blocking mode.
2025-08-07T15:44:39.8599215Z Successfully opened named pipe: /podr/container/pipe/8550bee0f4c2_fradema-backend-api/stderr_c2f8c1ddbb0a4ce9ad5593271271636d.
2025-08-07T15:44:39.8602088Z Successfully removed non-blocking flag from /podr/container/pipe/8550bee0f4c2_fradema-backend-api/stderr_c2f8c1ddbb0a4ce9ad5593271271636d.
2025-08-07T15:44:39.8605060Z Creating container with image: appsvc/dotnetcore:8.0_20250709.6.tuxprod from registry: 10.1.0.5:13209 and fully qualified image name: 10.1.0.5:13209/appsvc/dotnetcore:8.0_20250709.6.tuxprod
2025-08-07T15:44:40.1404930Z Starting container: 8550bee0f4c2_fradema-backend-api.
2025-08-07T15:44:40.1633333Z Starting watchers and probes.
2025-08-07T15:44:40.1694490Z Starting metrics collection.
2025-08-07T15:44:40.1696245Z Container is running.
2025-08-07T15:44:40.2271504Z Container start method finished after 3903 ms.
2025-08-07T15:44:53.7288952Z Site startup probe succeeded after 13.4993809 seconds.
2025-08-07T15:44:53.7823188Z Site started.
2025-08-07T15:44:53.7877850Z Site is running with deployment version: 09a13bb1-6ce6-417a-81d3-32ce64fc8aca
2025-08-07T15:45:13.7948101Z Container is terminating. Grace period: 5 seconds.
2025-08-07T15:45:13.7978087Z Stop and delete container. Retry count = 0
2025-08-07T15:45:13.7979573Z Stopping container: 361f82be19ac_fradema-backend-api.
2025-08-07T15:45:14.0269018Z Deleting container: 361f82be19ac_fradema-backend-api. Retry count = 0
2025-08-07T15:45:14.0899315Z Container spec TerminationMessagePolicy  path 
2025-08-07T15:45:14.0907055Z Container is terminated. Total time elapsed: 295 ms.
2025-08-07T15:45:14.0912095Z Site: fradema-backend-api stopped.
2025-08-07T21:21:35.9876077Z Container start method called.
2025-08-07T21:21:35.9879808Z Establishing network.
2025-08-07T21:21:35.9886405Z Pulling image: appsvc/dotnetcore:8.0_20250709.6.tuxprod.
2025-08-07T21:21:36.5063194Z Container is starting.
2025-08-07T21:21:36.5104432Z Establishing user namespace if not established already.
2025-08-07T21:21:36.5138050Z Establishing network if not established already.
2025-08-07T21:21:36.5144009Z Mounting volumes.
2025-08-07T21:21:36.5148437Z Nested mountpoint 
2025-08-07T21:21:36.5208410Z Nested mountpoint volatile/logs
2025-08-07T21:21:36.5352197Z Nested mountpoint 
2025-08-07T21:21:36.5549461Z Nested mountpoint 
2025-08-07T21:21:36.5736855Z Nested mountpoint 
2025-08-07T21:21:36.5790515Z Nested mountpoint 
2025-08-07T21:21:36.6079653Z Nested mountpoint 
2025-08-07T21:21:36.9402909Z Creating container.
2025-08-07T21:21:36.9404332Z Creating pipes for streaming container io.
2025-08-07T21:21:36.9405625Z Creating stdout named pipe at /podr/container/pipe/0e1c9f8d7f8a_fradema-backend-api/stdout_2d031fe0a80940b281afa900d9af8377.
2025-08-07T21:21:36.9408012Z Successfully created stdout named pipe at: /podr/container/pipe/0e1c9f8d7f8a_fradema-backend-api/stdout_2d031fe0a80940b281afa900d9af8377.
2025-08-07T21:21:36.9409431Z Opening named pipe /podr/container/pipe/0e1c9f8d7f8a_fradema-backend-api/stdout_2d031fe0a80940b281afa900d9af8377 for reading in non-blocking mode.
2025-08-07T21:21:36.9411066Z Successfully opened named pipe: /podr/container/pipe/0e1c9f8d7f8a_fradema-backend-api/stdout_2d031fe0a80940b281afa900d9af8377.
2025-08-07T21:21:36.9412346Z Successfully removed non-blocking flag from /podr/container/pipe/0e1c9f8d7f8a_fradema-backend-api/stdout_2d031fe0a80940b281afa900d9af8377.
2025-08-07T21:21:36.9413661Z Creating stderr named pipe at /podr/container/pipe/0e1c9f8d7f8a_fradema-backend-api/stderr_9f802c651c004002a4a00e3d00c81dac.
2025-08-07T21:21:36.9415218Z Successfully created stderr named pipe at: /podr/container/pipe/0e1c9f8d7f8a_fradema-backend-api/stderr_9f802c651c004002a4a00e3d00c81dac.
2025-08-07T21:21:36.9571682Z Opening named pipe /podr/container/pipe/0e1c9f8d7f8a_fradema-backend-api/stderr_9f802c651c004002a4a00e3d00c81dac for reading in non-blocking mode.
2025-08-07T21:21:36.9574374Z Successfully opened named pipe: /podr/container/pipe/0e1c9f8d7f8a_fradema-backend-api/stderr_9f802c651c004002a4a00e3d00c81dac.
2025-08-07T21:21:36.9579645Z Successfully removed non-blocking flag from /podr/container/pipe/0e1c9f8d7f8a_fradema-backend-api/stderr_9f802c651c004002a4a00e3d00c81dac.
2025-08-07T21:21:36.9602307Z Creating container with image: appsvc/dotnetcore:8.0_20250709.6.tuxprod from registry: 10.1.0.4:13209 and fully qualified image name: 10.1.0.4:13209/appsvc/dotnetcore:8.0_20250709.6.tuxprod
2025-08-07T21:21:37.3972556Z Starting container: 0e1c9f8d7f8a_fradema-backend-api.
2025-08-07T21:21:37.4140020Z Starting watchers and probes.
2025-08-07T21:21:37.4142040Z Starting metrics collection.
2025-08-07T21:21:37.4143583Z Container is running.
2025-08-07T21:21:37.4522716Z Container start method finished after 1464 ms.
2025-08-07T21:21:51.5286858Z Site startup probe succeeded after 14.0705322 seconds.
2025-08-07T21:21:51.5449347Z Site started.
2025-08-07T21:21:51.5579934Z Site is running with deployment version: 09a13bb1-6ce6-417a-81d3-32ce64fc8aca
2025-08-07T21:22:11.5645141Z Container is terminating. Grace period: 5 seconds.
2025-08-07T21:22:11.5717405Z Stop and delete container. Retry count = 0
2025-08-07T21:22:11.5767384Z Stopping container: 8550bee0f4c2_fradema-backend-api.
2025-08-07T21:22:12.4206369Z Deleting container: 8550bee0f4c2_fradema-backend-api. Retry count = 0
2025-08-07T21:22:12.5743329Z Container spec TerminationMessagePolicy  path 
2025-08-07T21:22:12.5752981Z Container is terminated. Total time elapsed: 1009 ms.
2025-08-07T21:22:12.5753491Z Site: fradema-backend-api stopped.
2025-08-07T22:19:26.3538981Z Container start method called.
2025-08-07T22:19:26.3543596Z Establishing network.
2025-08-07T22:19:26.3548140Z Pulling image: appsvc/dotnetcore:8.0_20250709.6.tuxprod.
2025-08-07T22:19:26.8677619Z Container is starting.
2025-08-07T22:19:26.8679115Z Establishing user namespace if not established already.
2025-08-07T22:19:26.8686050Z Establishing network if not established already.
2025-08-07T22:19:26.8690204Z Mounting volumes.
2025-08-07T22:19:26.8694475Z Nested mountpoint 
2025-08-07T22:19:26.8862039Z Nested mountpoint volatile/logs
2025-08-07T22:19:26.8943638Z Nested mountpoint 
2025-08-07T22:19:26.8962840Z Nested mountpoint 
2025-08-07T22:19:26.8986914Z Nested mountpoint 
2025-08-07T22:19:26.8998857Z Nested mountpoint 
2025-08-07T22:19:26.9021164Z Nested mountpoint 
2025-08-07T22:19:29.4186122Z Creating container.
2025-08-07T22:19:29.4190448Z Creating pipes for streaming container io.
2025-08-07T22:19:29.4240682Z Creating stdout named pipe at /podr/container/pipe/47d28089fde7_fradema-backend-api/stdout_f21b906aa4974b129cd63e7ef9c47059.
2025-08-07T22:19:29.4252084Z Successfully created stdout named pipe at: /podr/container/pipe/47d28089fde7_fradema-backend-api/stdout_f21b906aa4974b129cd63e7ef9c47059.
2025-08-07T22:19:29.4256713Z Opening named pipe /podr/container/pipe/47d28089fde7_fradema-backend-api/stdout_f21b906aa4974b129cd63e7ef9c47059 for reading in non-blocking mode.
2025-08-07T22:19:29.4338311Z Successfully opened named pipe: /podr/container/pipe/47d28089fde7_fradema-backend-api/stdout_f21b906aa4974b129cd63e7ef9c47059.
2025-08-07T22:19:29.4345242Z Successfully removed non-blocking flag from /podr/container/pipe/47d28089fde7_fradema-backend-api/stdout_f21b906aa4974b129cd63e7ef9c47059.
2025-08-07T22:19:29.4349972Z Creating stderr named pipe at /podr/container/pipe/47d28089fde7_fradema-backend-api/stderr_8565a4f125584151908037432e9e19cc.
2025-08-07T22:19:29.4354080Z Successfully created stderr named pipe at: /podr/container/pipe/47d28089fde7_fradema-backend-api/stderr_8565a4f125584151908037432e9e19cc.
2025-08-07T22:19:29.4359112Z Opening named pipe /podr/container/pipe/47d28089fde7_fradema-backend-api/stderr_8565a4f125584151908037432e9e19cc for reading in non-blocking mode.
2025-08-07T22:19:29.4371371Z Successfully opened named pipe: /podr/container/pipe/47d28089fde7_fradema-backend-api/stderr_8565a4f125584151908037432e9e19cc.
2025-08-07T22:19:29.4416060Z Successfully removed non-blocking flag from /podr/container/pipe/47d28089fde7_fradema-backend-api/stderr_8565a4f125584151908037432e9e19cc.
2025-08-07T22:19:29.4424819Z Creating container with image: appsvc/dotnetcore:8.0_20250709.6.tuxprod from registry: 10.1.0.5:13209 and fully qualified image name: 10.1.0.5:13209/appsvc/dotnetcore:8.0_20250709.6.tuxprod
2025-08-07T22:19:29.7728304Z Starting container: 47d28089fde7_fradema-backend-api.
2025-08-07T22:19:29.8104509Z Starting watchers and probes.
2025-08-07T22:19:29.8115888Z Starting metrics collection.
2025-08-07T22:19:29.8121505Z Container is running.
2025-08-07T22:19:33.5648720Z Container start method finished after 7210 ms.
2025-08-07T22:19:40.6687463Z Site startup probe succeeded after 7.0714883 seconds.
2025-08-07T22:19:40.6968796Z Site started.
2025-08-07T22:19:40.7078901Z Site is running with deployment version: 09a13bb1-6ce6-417a-81d3-32ce64fc8aca
2025-08-07T22:20:01.2952039Z Container is terminating. Grace period: 5 seconds.
2025-08-07T22:20:01.2997142Z Stop and delete container. Retry count = 0
2025-08-07T22:20:01.2999060Z Stopping container: 0e1c9f8d7f8a_fradema-backend-api.
2025-08-07T22:20:01.5378864Z Deleting container: 0e1c9f8d7f8a_fradema-backend-api. Retry count = 0
2025-08-07T22:20:01.5925539Z Container spec TerminationMessagePolicy  path 
2025-08-07T22:20:01.5927228Z Container is terminated. Total time elapsed: 297 ms.
2025-08-07T22:20:01.5927569Z Site: fradema-backend-api stopped.
