2025-08-03T01:55:00.4598449Z Container start method called.
2025-08-03T01:55:00.4695408Z Establishing network.
2025-08-03T01:55:00.4706342Z Pulling image: appsvc/dotnetcore:8.0_20250506.5.tuxprod.
2025-08-03T01:55:01.2261052Z Container is starting.
2025-08-03T01:55:01.2262531Z Establishing user namespace if not established already.
2025-08-03T01:55:01.2266573Z Establishing network if not established already.
2025-08-03T01:55:01.2267903Z Mounting volumes.
2025-08-03T01:55:01.2277496Z Nested mountpoint 
2025-08-03T01:55:01.3472314Z Nested mountpoint volatile/logs
2025-08-03T01:55:01.3505682Z Nested mountpoint 
2025-08-03T01:55:01.3767009Z Nested mountpoint 
2025-08-03T01:55:01.3791919Z Nested mountpoint 
2025-08-03T01:55:01.3990313Z Nested mountpoint 
2025-08-03T01:55:01.4060431Z Nested mountpoint 
2025-08-03T01:55:01.7647275Z Creating container.
2025-08-03T01:55:01.7654771Z Creating pipes for streaming container io.
2025-08-03T01:55:01.7656238Z Creating stdout named pipe at /podr/container/pipe/8d9462703cd1_fradema-backend-api/stdout_ea744ac844be4720a921d6b5235b9ffb.
2025-08-03T01:55:01.7666436Z Successfully created stdout named pipe at: /podr/container/pipe/8d9462703cd1_fradema-backend-api/stdout_ea744ac844be4720a921d6b5235b9ffb.
2025-08-03T01:55:01.7667846Z Opening named pipe /podr/container/pipe/8d9462703cd1_fradema-backend-api/stdout_ea744ac844be4720a921d6b5235b9ffb for reading in non-blocking mode.
2025-08-03T01:55:01.7669352Z Successfully opened named pipe: /podr/container/pipe/8d9462703cd1_fradema-backend-api/stdout_ea744ac844be4720a921d6b5235b9ffb.
2025-08-03T01:55:01.7670583Z Successfully removed non-blocking flag from /podr/container/pipe/8d9462703cd1_fradema-backend-api/stdout_ea744ac844be4720a921d6b5235b9ffb.
2025-08-03T01:55:01.7712547Z Creating stderr named pipe at /podr/container/pipe/8d9462703cd1_fradema-backend-api/stderr_80a8089a3d5f414b9b635faf23ed841d.
2025-08-03T01:55:01.7881510Z Successfully created stderr named pipe at: /podr/container/pipe/8d9462703cd1_fradema-backend-api/stderr_80a8089a3d5f414b9b635faf23ed841d.
2025-08-03T01:55:01.7882694Z Opening named pipe /podr/container/pipe/8d9462703cd1_fradema-backend-api/stderr_80a8089a3d5f414b9b635faf23ed841d for reading in non-blocking mode.
2025-08-03T01:55:01.7907867Z Successfully opened named pipe: /podr/container/pipe/8d9462703cd1_fradema-backend-api/stderr_80a8089a3d5f414b9b635faf23ed841d.
2025-08-03T01:55:01.7912887Z Successfully removed non-blocking flag from /podr/container/pipe/8d9462703cd1_fradema-backend-api/stderr_80a8089a3d5f414b9b635faf23ed841d.
2025-08-03T01:55:01.7925460Z Creating container with image: appsvc/dotnetcore:8.0_20250506.5.tuxprod from registry: 10.1.0.5:13209 and fully qualified image name: 10.1.0.5:13209/appsvc/dotnetcore:8.0_20250506.5.tuxprod
2025-08-03T01:55:02.0560764Z Starting container: 8d9462703cd1_fradema-backend-api.
2025-08-03T01:55:02.0870964Z Starting watchers and probes.
2025-08-03T01:55:02.0924396Z Starting metrics collection.
2025-08-03T01:55:02.1042955Z Container is running.
2025-08-03T01:55:02.2202661Z Container start method finished after 1760 ms.
2025-08-03T01:55:09.3079210Z Site startup probe succeeded after 7.0686242 seconds.
2025-08-03T01:55:09.3289277Z Site started.
2025-08-03T01:55:09.3355255Z Site is running with deployment version: 09a13bb1-6ce6-417a-81d3-32ce64fc8aca
2025-08-03T01:55:29.3783358Z Container is terminating. Grace period: 5 seconds.
2025-08-03T01:55:29.3955290Z Stop and delete container. Retry count = 0
2025-08-03T01:55:29.3961305Z Stopping container: f2aca894c17e_fradema-backend-api.
2025-08-03T01:55:34.0717539Z Deleting container: f2aca894c17e_fradema-backend-api. Retry count = 0
2025-08-03T01:55:34.1501457Z Container spec TerminationMessagePolicy  path 
2025-08-03T01:55:34.1512916Z Container is terminated. Total time elapsed: 4771 ms.
2025-08-03T01:55:34.1515777Z Site: fradema-backend-api stopped.
