2025-07-29T04:55:49.7639105Z Container start method called.
2025-07-29T04:55:49.7662696Z Establishing network.
2025-07-29T04:55:49.7678008Z Pulling image: appsvc/dotnetcore:8.0_20250506.5.tuxprod.
2025-07-29T04:55:49.8941880Z Container is starting.
2025-07-29T04:55:49.8943787Z Establishing user namespace if not established already.
2025-07-29T04:55:49.8945742Z Establishing network if not established already.
2025-07-29T04:55:49.8947866Z Mounting volumes.
2025-07-29T04:55:49.8950047Z Nested mountpoint 
2025-07-29T04:55:49.8956043Z Nested mountpoint volatile/logs
2025-07-29T04:55:49.9203547Z Nested mountpoint 
2025-07-29T04:55:49.9218413Z Nested mountpoint 
2025-07-29T04:55:49.9243411Z Nested mountpoint 
2025-07-29T04:55:49.9268847Z Nested mountpoint 
2025-07-29T04:55:49.9975929Z Nested mountpoint 
2025-07-29T04:55:50.1966041Z Creating container.
2025-07-29T04:55:50.1967174Z Creating pipes for streaming container io.
2025-07-29T04:55:50.1968524Z Creating stdout named pipe at /podr/container/pipe/f2aca894c17e_fradema-backend-api/stdout_f17f355defa644a5bb246c42e89c75bc.
2025-07-29T04:55:50.2384657Z Successfully created stdout named pipe at: /podr/container/pipe/f2aca894c17e_fradema-backend-api/stdout_f17f355defa644a5bb246c42e89c75bc.
2025-07-29T04:55:50.2389974Z Opening named pipe /podr/container/pipe/f2aca894c17e_fradema-backend-api/stdout_f17f355defa644a5bb246c42e89c75bc for reading in non-blocking mode.
2025-07-29T04:55:50.2395155Z Successfully opened named pipe: /podr/container/pipe/f2aca894c17e_fradema-backend-api/stdout_f17f355defa644a5bb246c42e89c75bc.
2025-07-29T04:55:50.2400533Z Successfully removed non-blocking flag from /podr/container/pipe/f2aca894c17e_fradema-backend-api/stdout_f17f355defa644a5bb246c42e89c75bc.
2025-07-29T04:55:50.2405210Z Creating stderr named pipe at /podr/container/pipe/f2aca894c17e_fradema-backend-api/stderr_6ed00a27c07e43508f95516ec15e5c9a.
2025-07-29T04:55:50.2411103Z Successfully created stderr named pipe at: /podr/container/pipe/f2aca894c17e_fradema-backend-api/stderr_6ed00a27c07e43508f95516ec15e5c9a.
2025-07-29T04:55:50.2415818Z Opening named pipe /podr/container/pipe/f2aca894c17e_fradema-backend-api/stderr_6ed00a27c07e43508f95516ec15e5c9a for reading in non-blocking mode.
2025-07-29T04:55:50.2421362Z Successfully opened named pipe: /podr/container/pipe/f2aca894c17e_fradema-backend-api/stderr_6ed00a27c07e43508f95516ec15e5c9a.
2025-07-29T04:55:50.2426091Z Successfully removed non-blocking flag from /podr/container/pipe/f2aca894c17e_fradema-backend-api/stderr_6ed00a27c07e43508f95516ec15e5c9a.
2025-07-29T04:55:50.2431474Z Creating container with image: appsvc/dotnetcore:8.0_20250506.5.tuxprod from registry: 10.1.0.4:13209 and fully qualified image name: 10.1.0.4:13209/appsvc/dotnetcore:8.0_20250506.5.tuxprod
2025-07-29T04:55:51.8447525Z Starting container: f2aca894c17e_fradema-backend-api.
2025-07-29T04:55:51.9120933Z Starting watchers and probes.
2025-07-29T04:55:51.9123803Z Starting metrics collection.
2025-07-29T04:55:51.9126123Z Container is running.
2025-07-29T04:55:51.9990211Z Container start method finished after 2234 ms.
2025-07-29T04:56:05.9670063Z Site startup probe succeeded after 13.9642128 seconds.
2025-07-29T04:56:05.9810329Z Site started.
2025-07-29T04:56:05.9990983Z Site is running with deployment version: 9e6227b6-4fcd-4d7c-bccf-8e41088804a1
