2025-07-24T16:18:35.3447633Z,Updating submodules.,e34d758d-6fc3-4ef6-b87d-1e87586d760c,0
2025-07-24T16:18:36.4607959Z,Preparing deployment for commit id '38048592-5'.,aeb5f1c0-67f1-4e23-a69f-4cf0ff12bc17,0
2025-07-24T16:18:36.7393123Z,PreDeployment: context.CleanOutputPath False,9ba9c41b-64ed-4adb-a94f-d08b7e4445cf,0
2025-07-24T16:18:36.8355945Z,PreDeployment: context.OutputPath /home/site/wwwroot,73d5fa54-382c-4523-8ba6-820509aa0cd5,0
2025-07-24T16:18:36.9434232Z,Running build. Project type: OneDeploy,29e9ff3f-202d-4771-b8ba-d12348937128,0
2025-07-24T16:18:37.0455803Z,Copying the manifest,caf950d6-5fbb-410a-8199-4b4ef7acb3ba,0
2025-07-24T16:18:37.2264778Z,Running deployment command...,de68c4bf-7fb6-4d53-9665-7a38eedb2d3f,0
	2025-07-24T16:18:37.2287111Z,Command: /opt/Kudu/Scripts/parallel_rsync.sh /tmp/zipdeploy/extracted /home/site/wwwroot 8 /tmp/ False False  ,,0
	2025-07-24T16:18:37.2799859Z,Run rsync from: /tmp/zipdeploy/extracted/ to: /home/site/wwwroot/ in 8 parallel threads,,0
	2025-07-24T16:18:37.2909247Z,Delete options: clean=False&comma; use manifest=False&comma; directory to ignore=,,0
	2025-07-24T16:18:37.3041297Z,Prev manifest = /home/site/deployments/a0ac0904-663d-4cb8-839c-d2fcc738cb9c/manifest and next /home/site/deployments/38048592-5bc6-4cef-b07e-4e7ab451e9b9/manifest,,0
	2025-07-24T16:18:37.3103583Z,Cleaning up /tmp//filelist.txt and /tmp//splits,,0
	2025-07-24T16:18:37.3183887Z,Creating a list of all files at /tmp//filelist.txt,,0
	2025-07-24T16:18:37.3268903Z,No directory to exclude.,,0
	2025-07-24T16:18:37.3299914Z,Created /tmp//filelist.txt. Total number of files to be synced = 218.,,0
	2025-07-24T16:18:37.3337528Z,Created batches from the list of files. Processing 28 files in each thread,,0
	2025-07-24T16:18:37.3455342Z,Running rsync for filelist /tmp//splits/split.aa from /tmp/zipdeploy/extracted/ to /home/site/wwwroot/,,0
	2025-07-24T16:18:37.3696530Z,Running rsync for filelist /tmp//splits/split.ab from /tmp/zipdeploy/extracted/ to /home/site/wwwroot/,,0
	2025-07-24T16:18:37.3748555Z,Running rsync for filelist /tmp//splits/split.ac from /tmp/zipdeploy/extracted/ to /home/site/wwwroot/,,0
	2025-07-24T16:18:37.3800185Z,Running rsync for filelist /tmp//splits/split.ad from /tmp/zipdeploy/extracted/ to /home/site/wwwroot/,,0
	2025-07-24T16:18:37.3935555Z,Running rsync for filelist /tmp//splits/split.ae from /tmp/zipdeploy/extracted/ to /home/site/wwwroot/,,0
	2025-07-24T16:18:37.4007600Z,Running rsync for filelist /tmp//splits/split.af from /tmp/zipdeploy/extracted/ to /home/site/wwwroot/,,0
	2025-07-24T16:18:37.4053597Z,Running rsync for filelist /tmp//splits/split.ag from /tmp/zipdeploy/extracted/ to /home/site/wwwroot/,,0
	2025-07-24T16:18:37.4274240Z,Running rsync for filelist /tmp//splits/split.ah from /tmp/zipdeploy/extracted/ to /home/site/wwwroot/,,0
	2025-07-24T16:18:39.6365722Z,,,0
	2025-07-24T16:18:39.6585415Z,Number of files: 24 (reg: 22&comma; dir: 2),,0
	2025-07-24T16:18:39.6644184Z,Number of created files: 0,,0
	2025-07-24T16:18:39.6673296Z,Number of deleted files: 0,,0
	2025-07-24T16:18:39.6723888Z,Number of regular files transferred: 22,,0
	2025-07-24T16:18:39.6747221Z,Total file size: 2.47M bytes,,0
	2025-07-24T16:18:39.6831770Z,Total transferred file size: 2.47M bytes,,0
	2025-07-24T16:18:39.6875023Z,Literal data: 2.47M bytes,,0
	2025-07-24T16:18:39.6910378Z,Matched data: 0 bytes,,0
	2025-07-24T16:18:39.6948172Z,File list size: 0,,0
	2025-07-24T16:18:39.6984843Z,File list generation time: 0.004 seconds,,0
	2025-07-24T16:18:39.7045955Z,File list transfer time: 0.000 seconds,,0
	2025-07-24T16:18:39.7122212Z,Total bytes sent: 775.26K,,0
	2025-07-24T16:18:39.7173098Z,Total bytes received: 440,,0
	2025-07-24T16:18:39.7326662Z,,,0
	2025-07-24T16:18:39.7442600Z,sent 775.26K bytes  received 440 bytes  310.28K bytes/sec,,0
	2025-07-24T16:18:39.7484684Z,total size is 2.47M  speedup is 3.19,,0
	2025-07-24T16:18:39.7565714Z,Attempt 1: Rsync for filelist /tmp//splits/split.ah completed with exit code 0,,0
	2025-07-24T16:18:40.4489342Z,,,0
	2025-07-24T16:18:40.4569016Z,Number of files: 32 (reg: 28&comma; dir: 4),,0
	2025-07-24T16:18:40.4660751Z,Number of created files: 0,,0
	2025-07-24T16:18:40.4745153Z,Number of deleted files: 0,,0
	2025-07-24T16:18:40.5032693Z,Number of regular files transferred: 28,,0
	2025-07-24T16:18:40.5119837Z,Total file size: 4.31M bytes,,0
	2025-07-24T16:18:40.5142270Z,Total transferred file size: 4.31M bytes,,0
	2025-07-24T16:18:40.5183609Z,Literal data: 4.31M bytes,,0
	2025-07-24T16:18:40.5394338Z,Matched data: 0 bytes,,0
	2025-07-24T16:18:40.5426252Z,File list size: 0,,0
	2025-07-24T16:18:40.5500212Z,File list generation time: 0.047 seconds,,0
	2025-07-24T16:18:40.5536654Z,File list transfer time: 0.000 seconds,,0
	2025-07-24T16:18:40.5592863Z,Total bytes sent: 1.15M,,0
	2025-07-24T16:18:40.5623859Z,Total bytes received: 560,,0
	2025-07-24T16:18:40.5682394Z,,,0
	2025-07-24T16:18:40.5779149Z,sent 1.15M bytes  received 560 bytes  329.41K bytes/sec,,0
	2025-07-24T16:18:40.5804782Z,total size is 4.31M  speedup is 3.74,,0
	2025-07-24T16:18:40.5829551Z,Attempt 1: Rsync for filelist /tmp//splits/split.ac completed with exit code 0,,0
	2025-07-24T16:18:40.5889819Z,,,0
	2025-07-24T16:18:40.5970607Z,Number of files: 30 (reg: 28&comma; dir: 2),,0
	2025-07-24T16:18:40.6017105Z,Number of created files: 0,,0
	2025-07-24T16:18:40.6076380Z,Number of deleted files: 0,,0
	2025-07-24T16:18:40.6123089Z,Number of regular files transferred: 28,,0
	2025-07-24T16:18:40.6161419Z,Total file size: 4.23M bytes,,0
	2025-07-24T16:18:40.6294802Z,Total transferred file size: 4.23M bytes,,0
	2025-07-24T16:18:40.6482751Z,Literal data: 4.23M bytes,,0
	2025-07-24T16:18:40.6540364Z,Matched data: 0 bytes,,0
	2025-07-24T16:18:40.6583168Z,File list size: 0,,0
	2025-07-24T16:18:40.6620435Z,File list generation time: 0.026 seconds,,0
	2025-07-24T16:18:40.6645736Z,File list transfer time: 0.000 seconds,,0
	2025-07-24T16:18:40.6665543Z,Total bytes sent: 1.49M,,0
	2025-07-24T16:18:40.6687522Z,Total bytes received: 554,,0
	2025-07-24T16:18:40.6709502Z,,,0
	2025-07-24T16:18:40.6815050Z,sent 1.49M bytes  received 554 bytes  425.66K bytes/sec,,0
	2025-07-24T16:18:40.6867393Z,total size is 4.23M  speedup is 2.84,,0
	2025-07-24T16:18:40.6911596Z,Attempt 1: Rsync for filelist /tmp//splits/split.af completed with exit code 0,,0
	2025-07-24T16:18:40.7323898Z,,,0
	2025-07-24T16:18:40.7621048Z,Number of files: 29 (reg: 28&comma; dir: 1),,0
	2025-07-24T16:18:40.7644508Z,Number of created files: 12 (reg: 11&comma; dir: 1),,0
	2025-07-24T16:18:40.7713206Z,Number of deleted files: 0,,0
	2025-07-24T16:18:40.8016472Z,Number of regular files transferred: 28,,0
	2025-07-24T16:18:40.8149474Z,Total file size: 1.86M bytes,,0
	2025-07-24T16:18:40.8199995Z,Total transferred file size: 1.86M bytes,,0
	2025-07-24T16:18:40.8322559Z,Literal data: 1.86M bytes,,0
	2025-07-24T16:18:40.8415948Z,Matched data: 0 bytes,,0
	2025-07-24T16:18:40.8531831Z,File list size: 0,,0
	2025-07-24T16:18:40.8601391Z,File list generation time: 0.010 seconds,,0
	2025-07-24T16:18:40.8632817Z,File list transfer time: 0.000 seconds,,0
	2025-07-24T16:18:40.8701177Z,Total bytes sent: 676.28K,,0
	2025-07-24T16:18:40.8728515Z,Total bytes received: 551,,0
	2025-07-24T16:18:40.8762790Z,,,0
	2025-07-24T16:18:40.8786574Z,sent 676.28K bytes  received 551 bytes  193.38K bytes/sec,,0
	2025-07-24T16:18:40.8811228Z,total size is 1.86M  speedup is 2.75,,0
	2025-07-24T16:18:40.8836182Z,Attempt 1: Rsync for filelist /tmp//splits/split.ad completed with exit code 0,,0
	2025-07-24T16:18:41.0136947Z,,,0
	2025-07-24T16:18:41.0190920Z,Number of files: 30 (reg: 28&comma; dir: 2),,0
	2025-07-24T16:18:41.0224718Z,Number of created files: 0,,0
	2025-07-24T16:18:41.0311357Z,Number of deleted files: 0,,0
	2025-07-24T16:18:41.0386903Z,Number of regular files transferred: 28,,0
	2025-07-24T16:18:41.0477178Z,Total file size: 6.57M bytes,,0
	2025-07-24T16:18:41.0567319Z,Total transferred file size: 6.57M bytes,,0
	2025-07-24T16:18:41.0645516Z,Literal data: 6.57M bytes,,0
	2025-07-24T16:18:41.0773335Z,Matched data: 0 bytes,,0
	2025-07-24T16:18:41.0810638Z,File list size: 0,,0
	2025-07-24T16:18:41.0897683Z,File list generation time: 0.031 seconds,,0
	2025-07-24T16:18:41.0959624Z,File list transfer time: 0.000 seconds,,0
	2025-07-24T16:18:41.1070632Z,Total bytes sent: 2.57M,,0
	2025-07-24T16:18:41.1172444Z,Total bytes received: 554,,0
	2025-07-24T16:18:41.1221498Z,,,0
	2025-07-24T16:18:41.1287065Z,sent 2.57M bytes  received 554 bytes  735.04K bytes/sec,,0
	2025-07-24T16:18:41.1347697Z,total size is 6.57M  speedup is 2.55,,0
	2025-07-24T16:18:41.1492204Z,Attempt 1: Rsync for filelist /tmp//splits/split.ae completed with exit code 0,,0
	2025-07-24T16:18:41.4176341Z,,,0
	2025-07-24T16:18:41.4371776Z,Number of files: 56 (reg: 28&comma; dir: 28),,0
	2025-07-24T16:18:41.4461336Z,Number of created files: 0,,0
	2025-07-24T16:18:41.4545116Z,Number of deleted files: 0,,0
	2025-07-24T16:18:41.4810502Z,Number of regular files transferred: 28,,0
	2025-07-24T16:18:41.4884623Z,Total file size: 16.73M bytes,,0
	2025-07-24T16:18:41.5088914Z,Total transferred file size: 16.73M bytes,,0
	2025-07-24T16:18:41.5175077Z,Literal data: 16.73M bytes,,0
	2025-07-24T16:18:41.5465127Z,Matched data: 0 bytes,,0
	2025-07-24T16:18:41.5587809Z,File list size: 0,,0
	2025-07-24T16:18:41.5778851Z,File list generation time: 0.055 seconds,,0
	2025-07-24T16:18:41.5850452Z,File list transfer time: 0.000 seconds,,0
	2025-07-24T16:18:41.5879073Z,Total bytes sent: 7.43M,,0
	2025-07-24T16:18:41.5904696Z,Total bytes received: 632,,0
	2025-07-24T16:18:41.5931913Z,,,0
	2025-07-24T16:18:41.6139093Z,sent 7.43M bytes  received 632 bytes  1.65M bytes/sec,,0
	2025-07-24T16:18:41.6250066Z,total size is 16.73M  speedup is 2.25,,0
	2025-07-24T16:18:41.6485897Z,Attempt 1: Rsync for filelist /tmp//splits/split.ab completed with exit code 0,,0
	2025-07-24T16:18:41.6874071Z,,,0
	2025-07-24T16:18:41.6914146Z,Number of files: 30 (reg: 28&comma; dir: 2),,0
	2025-07-24T16:18:41.6934532Z,Number of created files: 0,,0
	2025-07-24T16:18:41.7002542Z,Number of deleted files: 0,,0
	2025-07-24T16:18:41.7068749Z,Number of regular files transferred: 28,,0
	2025-07-24T16:18:41.7091028Z,Total file size: 17.99M bytes,,0
	2025-07-24T16:18:41.7122582Z,Total transferred file size: 17.99M bytes,,0
	2025-07-24T16:18:41.7155971Z,Literal data: 17.99M bytes,,0
	2025-07-24T16:18:41.7187146Z,Matched data: 0 bytes,,0
	2025-07-24T16:18:41.7211947Z,File list size: 0,,0
	2025-07-24T16:18:41.7240221Z,File list generation time: 0.030 seconds,,0
	2025-07-24T16:18:41.7269098Z,File list transfer time: 0.000 seconds,,0
	2025-07-24T16:18:41.7320443Z,Total bytes sent: 6.23M,,0
	2025-07-24T16:18:41.7356223Z,Total bytes received: 554,,0
	2025-07-24T16:18:41.7432340Z,,,0
	2025-07-24T16:18:41.7504845Z,sent 6.23M bytes  received 554 bytes  1.38M bytes/sec,,0
	2025-07-24T16:18:41.7706901Z,total size is 17.99M  speedup is 2.89,,0
	2025-07-24T16:18:41.7758594Z,Attempt 1: Rsync for filelist /tmp//splits/split.ag completed with exit code 0,,0
	2025-07-24T16:18:42.1459833Z,,,0
	2025-07-24T16:18:42.1511428Z,Number of files: 58 (reg: 28&comma; dir: 30),,0
	2025-07-24T16:18:42.1540362Z,Number of created files: 0,,0
	2025-07-24T16:18:42.1654099Z,Number of deleted files: 0,,0
	2025-07-24T16:18:42.1702112Z,Number of regular files transferred: 28,,0
	2025-07-24T16:18:42.1730699Z,Total file size: 24.81M bytes,,0
	2025-07-24T16:18:42.1765802Z,Total transferred file size: 24.81M bytes,,0
	2025-07-24T16:18:42.1793178Z,Literal data: 24.81M bytes,,0
	2025-07-24T16:18:42.1849434Z,Matched data: 0 bytes,,0
	2025-07-24T16:18:42.1900063Z,File list size: 0,,0
	2025-07-24T16:18:42.1931721Z,File list generation time: 0.036 seconds,,0
	2025-07-24T16:18:42.1991429Z,File list transfer time: 0.000 seconds,,0
	2025-07-24T16:18:42.2048623Z,Total bytes sent: 10.42M,,0
	2025-07-24T16:18:42.2229217Z,Total bytes received: 638,,0
	2025-07-24T16:18:42.2360073Z,,,0
	2025-07-24T16:18:42.2443976Z,sent 10.42M bytes  received 638 bytes  1.89M bytes/sec,,0
	2025-07-24T16:18:42.2572056Z,total size is 24.81M  speedup is 2.38,,0
	2025-07-24T16:18:42.2649757Z,Attempt 1: Rsync for filelist /tmp//splits/split.aa completed with exit code 0,,0
	2025-07-24T16:18:42.2677883Z,Completed successfully in 5 seconds,,0
2025-07-24T16:18:42.3824399Z,Build completed succesfully.,80b3b90a-fc27-4b0a-b53b-c01b22209b0c,0
2025-07-24T16:18:42.5257507Z,Running post deployment command(s)...,a3ad6fc6-c30b-47f2-9972-ad3f36e6d4a4,0
2025-07-24T16:18:42.6493549Z,Triggering container recycle for OneDeploy by adding/updating restartTrigger.txt to the site root path,6c74f6b7-add6-4b71-a67c-7bde540ca3a5,0
2025-07-24T16:18:42.7877445Z,Deployment successful. deployer = OneDeploy deploymentPath = OneDeploy,ddcbd0b6-b9cb-469c-b989-0ded5fd78c6e,0
