2025-07-24T16:45:20.7717546Z,Updating submodules.,a302054b-f5cc-43d6-89f2-aa756a088fec,0
2025-07-24T16:45:21.8533733Z,Preparing deployment for commit id 'ed1036e3-7'.,68d31718-a60a-4ae9-a3b2-635019247ce2,0
2025-07-24T16:45:22.0917096Z,PreDeployment: context.CleanOutputPath False,f5cc29c0-089d-4147-a9cd-40c337ae1104,0
2025-07-24T16:45:22.1821679Z,PreDeployment: context.OutputPath /home/site/wwwroot,23c2d5cf-b812-4934-b665-ad2883bd2d17,0
2025-07-24T16:45:22.2696359Z,Running build. Project type: OneDeploy,901801d0-ea8d-4bcf-89e4-344f38b82d09,0
2025-07-24T16:45:22.3474918Z,Copying the manifest,730a4ad1-9487-41f1-8069-d8607cc63d6e,0
2025-07-24T16:45:22.4782892Z,Running deployment command...,e56dccb2-81a1-4958-9a82-3a4d51414302,0
	2025-07-24T16:45:22.4809080Z,Command: /opt/Kudu/Scripts/parallel_rsync.sh /tmp/zipdeploy/extracted /home/site/wwwroot 8 /tmp/ False False  ,,0
	2025-07-24T16:45:22.5346187Z,Run rsync from: /tmp/zipdeploy/extracted/ to: /home/site/wwwroot/ in 8 parallel threads,,0
	2025-07-24T16:45:22.5372773Z,Delete options: clean=False&comma; use manifest=False&comma; directory to ignore=,,0
	2025-07-24T16:45:22.5399973Z,Prev manifest = /home/site/deployments/ba927a24-1b10-4f95-930c-9b91c408c2ca/manifest and next /home/site/deployments/ed1036e3-7b42-41fc-94e2-9e5dc6f74a61/manifest,,0
	2025-07-24T16:45:22.5426864Z,Cleaning up /tmp//filelist.txt and /tmp//splits,,0
	2025-07-24T16:45:22.5456952Z,Creating a list of all files at /tmp//filelist.txt,,0
	2025-07-24T16:45:22.5482119Z,No directory to exclude.,,0
	2025-07-24T16:45:22.5602489Z,Created /tmp//filelist.txt. Total number of files to be synced = 248.,,0
	2025-07-24T16:45:22.5776273Z,Created batches from the list of files. Processing 32 files in each thread,,0
	2025-07-24T16:45:22.5897017Z,Running rsync for filelist /tmp//splits/split.aa from /tmp/zipdeploy/extracted/ to /home/site/wwwroot/,,0
	2025-07-24T16:45:22.6210558Z,Running rsync for filelist /tmp//splits/split.ab from /tmp/zipdeploy/extracted/ to /home/site/wwwroot/,,0
	2025-07-24T16:45:22.6358917Z,Running rsync for filelist /tmp//splits/split.ac from /tmp/zipdeploy/extracted/ to /home/site/wwwroot/,,0
	2025-07-24T16:45:22.6444680Z,Running rsync for filelist /tmp//splits/split.ad from /tmp/zipdeploy/extracted/ to /home/site/wwwroot/,,0
	2025-07-24T16:45:22.6588430Z,Running rsync for filelist /tmp//splits/split.ae from /tmp/zipdeploy/extracted/ to /home/site/wwwroot/,,0
	2025-07-24T16:45:22.8431215Z,Running rsync for filelist /tmp//splits/split.af from /tmp/zipdeploy/extracted/ to /home/site/wwwroot/,,0
	2025-07-24T16:45:22.8510120Z,Running rsync for filelist /tmp//splits/split.ag from /tmp/zipdeploy/extracted/ to /home/site/wwwroot/,,0
	2025-07-24T16:45:22.8655959Z,Running rsync for filelist /tmp//splits/split.ah from /tmp/zipdeploy/extracted/ to /home/site/wwwroot/,,0
	2025-07-24T16:45:24.8568669Z,,,0
	2025-07-24T16:45:24.8696729Z,Number of files: 26 (reg: 24&comma; dir: 2),,0
	2025-07-24T16:45:24.8769027Z,Number of created files: 0,,0
	2025-07-24T16:45:24.8817759Z,Number of deleted files: 0,,0
	2025-07-24T16:45:24.8860653Z,Number of regular files transferred: 24,,0
	2025-07-24T16:45:24.8917384Z,Total file size: 2.61M bytes,,0
	2025-07-24T16:45:24.8953772Z,Total transferred file size: 2.61M bytes,,0
	2025-07-24T16:45:24.9019949Z,Literal data: 2.61M bytes,,0
	2025-07-24T16:45:24.9145174Z,Matched data: 0 bytes,,0
	2025-07-24T16:45:24.9199133Z,File list size: 0,,0
	2025-07-24T16:45:24.9254396Z,File list generation time: 0.019 seconds,,0
	2025-07-24T16:45:24.9291178Z,File list transfer time: 0.000 seconds,,0
	2025-07-24T16:45:24.9336925Z,Total bytes sent: 822.51K,,0
	2025-07-24T16:45:24.9475257Z,Total bytes received: 478,,0
	2025-07-24T16:45:24.9625659Z,,,0
	2025-07-24T16:45:24.9659668Z,sent 822.51K bytes  received 478 bytes  329.19K bytes/sec,,0
	2025-07-24T16:45:24.9706221Z,total size is 2.61M  speedup is 3.17,,0
	2025-07-24T16:45:24.9765636Z,Attempt 1: Rsync for filelist /tmp//splits/split.ah completed with exit code 0,,0
	2025-07-24T16:45:25.6715251Z,,,0
	2025-07-24T16:45:25.6895451Z,Number of files: 35 (reg: 32&comma; dir: 3),,0
	2025-07-24T16:45:25.6953905Z,Number of created files: 0,,0
	2025-07-24T16:45:25.7124042Z,Number of deleted files: 0,,0
	2025-07-24T16:45:25.7190118Z,Number of regular files transferred: 32,,0
	2025-07-24T16:45:25.7214264Z,Total file size: 4.41M bytes,,0
	2025-07-24T16:45:25.7234715Z,Total transferred file size: 4.41M bytes,,0
	2025-07-24T16:45:25.7264514Z,Literal data: 4.41M bytes,,0
	2025-07-24T16:45:25.7307581Z,Matched data: 0 bytes,,0
	2025-07-24T16:45:25.7364076Z,File list size: 0,,0
	2025-07-24T16:45:25.7384371Z,File list generation time: 0.049 seconds,,0
	2025-07-24T16:45:25.7553118Z,File list transfer time: 0.000 seconds,,0
	2025-07-24T16:45:25.7735479Z,Total bytes sent: 1.31M,,0
	2025-07-24T16:45:25.7778831Z,Total bytes received: 633,,0
	2025-07-24T16:45:25.7930291Z,,,0
	2025-07-24T16:45:25.8030636Z,sent 1.31M bytes  received 633 bytes  374.76K bytes/sec,,0
	2025-07-24T16:45:25.8079528Z,total size is 4.41M  speedup is 3.36,,0
	2025-07-24T16:45:25.8346010Z,Attempt 1: Rsync for filelist /tmp//splits/split.ac completed with exit code 0,,0
	2025-07-24T16:45:25.8476751Z,,,0
	2025-07-24T16:45:25.8520019Z,Number of files: 35 (reg: 32&comma; dir: 3),,0
	2025-07-24T16:45:25.8596844Z,Number of created files: 0,,0
	2025-07-24T16:45:25.8698012Z,Number of deleted files: 0,,0
	2025-07-24T16:45:25.8747737Z,Number of regular files transferred: 32,,0
	2025-07-24T16:45:25.8782937Z,Total file size: 4.93M bytes,,0
	2025-07-24T16:45:25.9084247Z,Total transferred file size: 4.93M bytes,,0
	2025-07-24T16:45:25.9152425Z,Literal data: 4.93M bytes,,0
	2025-07-24T16:45:25.9226939Z,Matched data: 0 bytes,,0
	2025-07-24T16:45:25.9666477Z,File list size: 0,,0
	2025-07-24T16:45:25.9770215Z,File list generation time: 0.013 seconds,,0
	2025-07-24T16:45:25.9828439Z,File list transfer time: 0.000 seconds,,0
	2025-07-24T16:45:25.9895300Z,Total bytes sent: 1.61M,,0
	2025-07-24T16:45:25.9934207Z,Total bytes received: 633,,0
	2025-07-24T16:45:25.9965338Z,,,0
	2025-07-24T16:45:25.9995922Z,sent 1.61M bytes  received 633 bytes  461.11K bytes/sec,,0
	2025-07-24T16:45:26.0029565Z,total size is 4.93M  speedup is 3.06,,0
	2025-07-24T16:45:26.0188684Z,Attempt 1: Rsync for filelist /tmp//splits/split.af completed with exit code 0,,0
	2025-07-24T16:45:26.2271705Z,,,0
	2025-07-24T16:45:26.2321967Z,Number of files: 36 (reg: 32&comma; dir: 4),,0
	2025-07-24T16:45:26.2387480Z,Number of created files: 0,,0
	2025-07-24T16:45:26.2512083Z,Number of deleted files: 0,,0
	2025-07-24T16:45:26.2631275Z,Number of regular files transferred: 32,,0
	2025-07-24T16:45:26.2729090Z,Total file size: 4.70M bytes,,0
	2025-07-24T16:45:26.2831130Z,Total transferred file size: 4.70M bytes,,0
	2025-07-24T16:45:26.2995433Z,Literal data: 4.70M bytes,,0
	2025-07-24T16:45:26.3078316Z,Matched data: 0 bytes,,0
	2025-07-24T16:45:26.3234526Z,File list size: 0,,0
	2025-07-24T16:45:26.3288405Z,File list generation time: 0.018 seconds,,0
	2025-07-24T16:45:26.3339613Z,File list transfer time: 0.000 seconds,,0
	2025-07-24T16:45:26.3459657Z,Total bytes sent: 2.05M,,0
	2025-07-24T16:45:26.3546662Z,Total bytes received: 636,,0
	2025-07-24T16:45:26.3612735Z,,,0
	2025-07-24T16:45:26.3632574Z,sent 2.05M bytes  received 636 bytes  455.27K bytes/sec,,0
	2025-07-24T16:45:26.3654361Z,total size is 4.70M  speedup is 2.30,,0
	2025-07-24T16:45:26.3683277Z,,,0
	2025-07-24T16:45:26.3705884Z,Number of files: 39 (reg: 32&comma; dir: 7),,0
	2025-07-24T16:45:26.3726596Z,Number of created files: 11 (reg: 10&comma; dir: 1),,0
	2025-07-24T16:45:26.3747808Z,Number of deleted files: 0,,0
	2025-07-24T16:45:26.3776413Z,Number of regular files transferred: 32,,0
	2025-07-24T16:45:26.3802013Z,Total file size: 1.25M bytes,,0
	2025-07-24T16:45:26.3822571Z,Total transferred file size: 1.25M bytes,,0
	2025-07-24T16:45:26.3844786Z,Literal data: 1.25M bytes,,0
	2025-07-24T16:45:26.3867040Z,Matched data: 0 bytes,,0
	2025-07-24T16:45:26.3888624Z,File list size: 0,,0
	2025-07-24T16:45:26.3910350Z,File list generation time: 0.042 seconds,,0
	2025-07-24T16:45:26.3936193Z,File list transfer time: 0.000 seconds,,0
	2025-07-24T16:45:26.3965135Z,Total bytes sent: 317.63K,,0
	2025-07-24T16:45:26.4205195Z,Total bytes received: 636,,0
	2025-07-24T16:45:26.4414756Z,,,0
	2025-07-24T16:45:26.4439435Z,sent 317.63K bytes  received 636 bytes  70.72K bytes/sec,,0
	2025-07-24T16:45:26.4564384Z,total size is 1.25M  speedup is 3.92,,0
	2025-07-24T16:45:26.4653322Z,Attempt 1: Rsync for filelist /tmp//splits/split.ae completed with exit code 0,,0
	2025-07-24T16:45:26.4681812Z,Attempt 1: Rsync for filelist /tmp//splits/split.ad completed with exit code 0,,0
	2025-07-24T16:45:26.6593022Z,,,0
	2025-07-24T16:45:26.6885745Z,Number of files: 54 (reg: 32&comma; dir: 22),,0
	2025-07-24T16:45:26.6975899Z,Number of created files: 0,,0
	2025-07-24T16:45:26.7039376Z,Number of deleted files: 0,,0
	2025-07-24T16:45:26.7104948Z,Number of regular files transferred: 32,,0
	2025-07-24T16:45:26.7140832Z,Total file size: 14.28M bytes,,0
	2025-07-24T16:45:26.7195792Z,Total transferred file size: 14.28M bytes,,0
	2025-07-24T16:45:26.7218621Z,Literal data: 14.28M bytes,,0
	2025-07-24T16:45:26.7240585Z,Matched data: 0 bytes,,0
	2025-07-24T16:45:26.7261695Z,File list size: 0,,0
	2025-07-24T16:45:26.7284448Z,File list generation time: 0.020 seconds,,0
	2025-07-24T16:45:26.7308309Z,File list transfer time: 0.000 seconds,,0
	2025-07-24T16:45:26.7337570Z,Total bytes sent: 5.99M,,0
	2025-07-24T16:45:26.7362927Z,Total bytes received: 690,,0
	2025-07-24T16:45:26.7384935Z,,,0
	2025-07-24T16:45:26.7405330Z,sent 5.99M bytes  received 690 bytes  1.33M bytes/sec,,0
	2025-07-24T16:45:26.7426005Z,total size is 14.28M  speedup is 2.38,,0
	2025-07-24T16:45:26.7450990Z,Attempt 1: Rsync for filelist /tmp//splits/split.ab completed with exit code 0,,0
	2025-07-24T16:45:26.9822106Z,,,0
	2025-07-24T16:45:26.9860646Z,Number of files: 34 (reg: 32&comma; dir: 2),,0
	2025-07-24T16:45:26.9883120Z,Number of created files: 0,,0
	2025-07-24T16:45:26.9947867Z,Number of deleted files: 0,,0
	2025-07-24T16:45:26.9972650Z,Number of regular files transferred: 32,,0
	2025-07-24T16:45:26.9992749Z,Total file size: 19.22M bytes,,0
	2025-07-24T16:45:27.0017677Z,Total transferred file size: 19.22M bytes,,0
	2025-07-24T16:45:27.0043635Z,Literal data: 19.22M bytes,,0
	2025-07-24T16:45:27.0065984Z,Matched data: 0 bytes,,0
	2025-07-24T16:45:27.0104844Z,File list size: 0,,0
	2025-07-24T16:45:27.0127385Z,File list generation time: 0.027 seconds,,0
	2025-07-24T16:45:27.0149444Z,File list transfer time: 0.000 seconds,,0
	2025-07-24T16:45:27.0180411Z,Total bytes sent: 6.66M,,0
	2025-07-24T16:45:27.0247863Z,Total bytes received: 630,,0
	2025-07-24T16:45:27.0270363Z,,,0
	2025-07-24T16:45:27.0291008Z,sent 6.66M bytes  received 630 bytes  1.48M bytes/sec,,0
	2025-07-24T16:45:27.0312310Z,total size is 19.22M  speedup is 2.89,,0
	2025-07-24T16:45:27.0342659Z,Attempt 1: Rsync for filelist /tmp//splits/split.ag completed with exit code 0,,0
	2025-07-24T16:45:27.6343608Z,,,0
	2025-07-24T16:45:27.6382096Z,Number of files: 66 (reg: 32&comma; dir: 34),,0
	2025-07-24T16:45:27.6405908Z,Number of created files: 0,,0
	2025-07-24T16:45:27.6507329Z,Number of deleted files: 0,,0
	2025-07-24T16:45:27.6578603Z,Number of regular files transferred: 32,,0
	2025-07-24T16:45:27.6602179Z,Total file size: 27.95M bytes,,0
	2025-07-24T16:45:27.6629208Z,Total transferred file size: 27.95M bytes,,0
	2025-07-24T16:45:27.6653657Z,Literal data: 27.95M bytes,,0
	2025-07-24T16:45:27.6682313Z,Matched data: 0 bytes,,0
	2025-07-24T16:45:27.6716580Z,File list size: 0,,0
	2025-07-24T16:45:27.6747054Z,File list generation time: 0.013 seconds,,0
	2025-07-24T16:45:27.6809962Z,File list transfer time: 0.000 seconds,,0
	2025-07-24T16:45:27.6832256Z,Total bytes sent: 12.06M,,0
	2025-07-24T16:45:27.6859411Z,Total bytes received: 726,,0
	2025-07-24T16:45:27.6897777Z,,,0
	2025-07-24T16:45:27.6928430Z,sent 12.06M bytes  received 726 bytes  2.19M bytes/sec,,0
	2025-07-24T16:45:27.6952887Z,total size is 27.95M  speedup is 2.32,,0
	2025-07-24T16:45:27.6976680Z,Attempt 1: Rsync for filelist /tmp//splits/split.aa completed with exit code 0,,0
	2025-07-24T16:45:27.7001900Z,Completed successfully in 5 seconds,,0
2025-07-24T16:45:27.7910825Z,Build completed succesfully.,e5324a27-a8c8-4d42-a81c-25537b58dde4,0
2025-07-24T16:45:27.8700854Z,Running post deployment command(s)...,6eac7c6d-0183-4132-a444-1d1110eba427,0
2025-07-24T16:45:27.9783136Z,Triggering container recycle for OneDeploy by adding/updating restartTrigger.txt to the site root path,d58a81bc-f924-4763-bc8f-cfd963b4ab35,0
2025-07-24T16:45:28.0996342Z,Deployment successful. deployer = OneDeploy deploymentPath = OneDeploy,eae87de4-3295-442c-b01c-e1a5954deee5,0
